<?xml version="1.0" encoding="UTF-8"?>
<!-- Generated by org.testng.reporters.JUnitXMLReporter -->
<testsuite hostname="DESKTOP-UBPG90J" ignored="0" name="Default test" tests="4" failures="0" timestamp="05 Aug 2020 10:07:38 GMT" time="0.111" errors="0">
  <testcase name="A" time="0.025" classname="EST_ZonalS.TestNgClassExp1"/>
  <testcase name="C" time="0.003" classname="EST_ZonalS.TestNgClassExp1"/>
  <testcase name="f" time="0.002" classname="EST_ZonalS.TestNgClassExp1"/>
  <testcase name="k" time="0.003" classname="EST_ZonalS.TestNgClassExp1"/>
</testsuite> <!-- Default test -->
