<?xml version="1.0" encoding="UTF-8"?>
<testng-results skipped="0" failed="0" ignored="0" total="4" passed="4">
  <reporter-output>
  </reporter-output>
  <suite name="Default suite" duration-ms="111" started-at="2020-08-05T10:07:38Z" finished-at="2020-08-05T10:07:38Z">
    <groups>
    </groups>
    <test name="Default test" duration-ms="111" started-at="2020-08-05T10:07:38Z" finished-at="2020-08-05T10:07:38Z">
      <class name="EST_ZonalS.TestNgClassExp1">
        <test-method status="PASS" signature="A()[pri:0, instance:EST_ZonalS.TestNgClassExp1@e25b2fe]" name="A" duration-ms="25" started-at="2020-08-05T10:07:38Z" finished-at="2020-08-05T10:07:38Z">
          <reporter-output>
          </reporter-output>
        </test-method> <!-- A -->
        <test-method status="PASS" signature="C()[pri:0, instance:EST_ZonalS.TestNgClassExp1@e25b2fe]" name="C" duration-ms="3" started-at="2020-08-05T10:07:38Z" finished-at="2020-08-05T10:07:38Z">
          <reporter-output>
          </reporter-output>
        </test-method> <!-- C -->
        <test-method status="PASS" signature="f()[pri:0, instance:EST_ZonalS.TestNgClassExp1@e25b2fe]" name="f" duration-ms="2" started-at="2020-08-05T10:07:38Z" finished-at="2020-08-05T10:07:38Z">
          <reporter-output>
          </reporter-output>
        </test-method> <!-- f -->
        <test-method status="PASS" signature="k()[pri:0, instance:EST_ZonalS.TestNgClassExp1@e25b2fe]" name="k" duration-ms="3" started-at="2020-08-05T10:07:38Z" finished-at="2020-08-05T10:07:38Z">
          <reporter-output>
          </reporter-output>
        </test-method> <!-- k -->
      </class> <!-- EST_ZonalS.TestNgClassExp1 -->
    </test> <!-- Default test -->
  </suite> <!-- Default suite -->
</testng-results>
